<?xml version="1.0" encoding="UTF-8"?>
<!-- Generated by org.testng.reporters.JUnitXMLReporter -->
<testsuite hostname="DESKTOP-3435JN9" ignored="0" name="Command line test" tests="4" failures="0" timestamp="13 Dec 2020 16:06:14 GMT" time="144.214" errors="0">
  <testcase name="@BeforeTest initialize" time="126.935" classname="Test.MainTest">
    <failure type="java.lang.NullPointerException">
      <![CDATA[java.lang.NullPointerException
at Browser.BrowserSetup.getUrl(BrowserSetup.java:83)
at WebPages.BaseUI.createWebDriver(BaseUI.java:30)
at Test.MainTest.initialize(MainTest.java:23)
... Removed 33 stack frames]]>
    </failure>
  </testcase> <!-- @BeforeTest initialize -->
  <testcase name="@AfterTest closeDriver" time="0.0" classname="Test.MainTest">
    <skipped/>
  </testcase> <!-- @AfterTest closeDriver -->
  <testcase name="Test" time="0.0" classname="Test.MainTest">
    <skipped/>
  </testcase> <!-- Test -->
  <testcase name="Test1" time="0.0" classname="Test.MainTest">
    <skipped/>
  </testcase> <!-- Test1 -->
  <testcase name="Test2" time="0.0" classname="Test.MainTest">
    <skipped/>
  </testcase> <!-- Test2 -->
  <testcase name="Test3" time="0.0" classname="Test.MainTest">
    <skipped/>
  </testcase> <!-- Test3 -->
</testsuite> <!-- Command line test -->
